ARM GAS  C:\Users\z004c8dn\AppData\Local\Temp\ccJlpCs9.s 			page 1


   1              		.syntax unified
   2              		.cpu cortex-m3
   3              		.fpu softvfp
   4              		.eabi_attribute 20, 1
   5              		.eabi_attribute 21, 1
   6              		.eabi_attribute 23, 3
   7              		.eabi_attribute 24, 1
   8              		.eabi_attribute 25, 1
   9              		.eabi_attribute 26, 1
  10              		.eabi_attribute 30, 6
  11              		.eabi_attribute 34, 1
  12              		.eabi_attribute 18, 4
  13              		.thumb
  14              		.syntax unified
  15              		.file	"cymetadata.c"
  16              		.text
  17              	.Ltext0:
  18              		.cfi_sections	.debug_frame
  19              		.global	cy_meta_configecc
  20              		.section	.cyconfigecc,"a",%progbits
  21              		.align	2
  22              		.type	cy_meta_configecc, %object
  23              		.size	cy_meta_configecc, 880
  24              	cy_meta_configecc:
  25 0000 02       		.byte	2
  26 0001 52       		.byte	82
  27 0002 00       		.byte	0
  28 0003 40       		.byte	64
  29 0004 03       		.byte	3
  30 0005 65       		.byte	101
  31 0006 00       		.byte	0
  32 0007 40       		.byte	64
  33 0008 04       		.byte	4
  34 0009 08       		.byte	8
  35 000a 01       		.byte	1
  36 000b 40       		.byte	64
  37 000c 01       		.byte	1
  38 000d 09       		.byte	9
  39 000e 01       		.byte	1
  40 000f 40       		.byte	64
  41 0010 01       		.byte	1
  42 0011 15       		.byte	21
  43 0012 01       		.byte	1
  44 0013 40       		.byte	64
  45 0014 6D       		.byte	109
  46 0015 18       		.byte	24
  47 0016 01       		.byte	1
  48 0017 40       		.byte	64
  49 0018 3D       		.byte	61
  50 0019 19       		.byte	25
  51 001a 01       		.byte	1
  52 001b 40       		.byte	64
  53 001c 10       		.byte	16
  54 001d 1A       		.byte	26
  55 001e 01       		.byte	1
  56 001f 40       		.byte	64
  57 0020 4E       		.byte	78
ARM GAS  C:\Users\z004c8dn\AppData\Local\Temp\ccJlpCs9.s 			page 2


  58 0021 1B       		.byte	27
  59 0022 01       		.byte	1
  60 0023 40       		.byte	64
  61 0024 03       		.byte	3
  62 0025 40       		.byte	64
  63 0026 01       		.byte	1
  64 0027 40       		.byte	64
  65 0028 02       		.byte	2
  66 0029 41       		.byte	65
  67 002a 01       		.byte	1
  68 002b 40       		.byte	64
  69 002c 02       		.byte	2
  70 002d 42       		.byte	66
  71 002e 01       		.byte	1
  72 002f 40       		.byte	64
  73 0030 04       		.byte	4
  74 0031 43       		.byte	67
  75 0032 01       		.byte	1
  76 0033 40       		.byte	64
  77 0034 02       		.byte	2
  78 0035 44       		.byte	68
  79 0036 01       		.byte	1
  80 0037 40       		.byte	64
  81 0038 01       		.byte	1
  82 0039 45       		.byte	69
  83 003a 01       		.byte	1
  84 003b 40       		.byte	64
  85 003c 03       		.byte	3
  86 003d 46       		.byte	70
  87 003e 01       		.byte	1
  88 003f 40       		.byte	64
  89 0040 01       		.byte	1
  90 0041 47       		.byte	71
  91 0042 01       		.byte	1
  92 0043 40       		.byte	64
  93 0044 04       		.byte	4
  94 0045 48       		.byte	72
  95 0046 01       		.byte	1
  96 0047 40       		.byte	64
  97 0048 01       		.byte	1
  98 0049 49       		.byte	73
  99 004a 01       		.byte	1
 100 004b 40       		.byte	64
 101 004c 04       		.byte	4
 102 004d 4C       		.byte	76
 103 004e 01       		.byte	1
 104 004f 40       		.byte	64
 105 0050 09       		.byte	9
 106 0051 4D       		.byte	77
 107 0052 01       		.byte	1
 108 0053 40       		.byte	64
 109 0054 02       		.byte	2
 110 0055 50       		.byte	80
 111 0056 01       		.byte	1
 112 0057 40       		.byte	64
 113 0058 01       		.byte	1
 114 0059 51       		.byte	81
ARM GAS  C:\Users\z004c8dn\AppData\Local\Temp\ccJlpCs9.s 			page 3


 115 005a 01       		.byte	1
 116 005b 40       		.byte	64
 117 005c 61       		.byte	97
 118 005d 80       		.byte	-128
 119 005e 64       		.byte	100
 120 005f 40       		.byte	64
 121 0060 88       		.byte	-120
 122 0061 0F       		.byte	15
 123 0062 8A       		.byte	-118
 124 0063 72       		.byte	114
 125 0064 8B       		.byte	-117
 126 0065 38       		.byte	56
 127 0066 38       		.byte	56
 128 0067 02       		.byte	2
 129 0068 3E       		.byte	62
 130 0069 01       		.byte	1
 131 006a 58       		.byte	88
 132 006b 04       		.byte	4
 133 006c 5F       		.byte	95
 134 006d 01       		.byte	1
 135 006e 1C       		.byte	28
 136 006f 40       		.byte	64
 137 0070 E8       		.byte	-24
 138 0071 20       		.byte	32
 139 0072 00       		.byte	0
 140 0073 09       		.byte	9
 141 0074 01       		.byte	1
 142 0075 03       		.byte	3
 143 0076 02       		.byte	2
 144 0077 10       		.byte	16
 145 0078 03       		.byte	3
 146 0079 44       		.byte	68
 147 007a 04       		.byte	4
 148 007b 10       		.byte	16
 149 007c 05       		.byte	5
 150 007d 53       		.byte	83
 151 007e 07       		.byte	7
 152 007f 0C       		.byte	12
 153 0080 08       		.byte	8
 154 0081 0C       		.byte	12
 155 0082 09       		.byte	9
 156 0083 0A       		.byte	10
 157 0084 0A       		.byte	10
 158 0085 11       		.byte	17
 159 0086 0B       		.byte	11
 160 0087 54       		.byte	84
 161 0088 0C       		.byte	12
 162 0089 20       		.byte	32
 163 008a 0E       		.byte	14
 164 008b 03       		.byte	3
 165 008c 14       		.byte	20
 166 008d 1C       		.byte	28
 167 008e 16       		.byte	22
 168 008f 02       		.byte	2
 169 0090 18       		.byte	24
 170 0091 14       		.byte	20
 171 0092 1F       		.byte	31
ARM GAS  C:\Users\z004c8dn\AppData\Local\Temp\ccJlpCs9.s 			page 4


 172 0093 08       		.byte	8
 173 0094 21       		.byte	33
 174 0095 20       		.byte	32
 175 0096 23       		.byte	35
 176 0097 45       		.byte	69
 177 0098 25       		.byte	37
 178 0099 53       		.byte	83
 179 009a 27       		.byte	39
 180 009b 04       		.byte	4
 181 009c 28       		.byte	40
 182 009d 10       		.byte	16
 183 009e 29       		.byte	41
 184 009f 80       		.byte	-128
 185 00a0 2A       		.byte	42
 186 00a1 0C       		.byte	12
 187 00a2 31       		.byte	49
 188 00a3 30       		.byte	48
 189 00a4 32       		.byte	50
 190 00a5 20       		.byte	32
 191 00a6 33       		.byte	51
 192 00a7 0F       		.byte	15
 193 00a8 35       		.byte	53
 194 00a9 80       		.byte	-128
 195 00aa 36       		.byte	54
 196 00ab 1F       		.byte	31
 197 00ac 37       		.byte	55
 198 00ad 40       		.byte	64
 199 00ae 39       		.byte	57
 200 00af 02       		.byte	2
 201 00b0 3B       		.byte	59
 202 00b1 08       		.byte	8
 203 00b2 3E       		.byte	62
 204 00b3 04       		.byte	4
 205 00b4 3F       		.byte	63
 206 00b5 50       		.byte	80
 207 00b6 40       		.byte	64
 208 00b7 34       		.byte	52
 209 00b8 41       		.byte	65
 210 00b9 06       		.byte	6
 211 00ba 45       		.byte	69
 212 00bb 0B       		.byte	11
 213 00bc 47       		.byte	71
 214 00bd CE       		.byte	-50
 215 00be 48       		.byte	72
 216 00bf 31       		.byte	49
 217 00c0 49       		.byte	73
 218 00c1 FF       		.byte	-1
 219 00c2 4A       		.byte	74
 220 00c3 FF       		.byte	-1
 221 00c4 4B       		.byte	75
 222 00c5 FF       		.byte	-1
 223 00c6 4E       		.byte	78
 224 00c7 F0       		.byte	-16
 225 00c8 4F       		.byte	79
 226 00c9 44       		.byte	68
 227 00ca 50       		.byte	80
 228 00cb 0C       		.byte	12
ARM GAS  C:\Users\z004c8dn\AppData\Local\Temp\ccJlpCs9.s 			page 5


 229 00cc 54       		.byte	84
 230 00cd 01       		.byte	1
 231 00ce 58       		.byte	88
 232 00cf 04       		.byte	4
 233 00d0 59       		.byte	89
 234 00d1 04       		.byte	4
 235 00d2 5A       		.byte	90
 236 00d3 04       		.byte	4
 237 00d4 5B       		.byte	91
 238 00d5 04       		.byte	4
 239 00d6 5C       		.byte	92
 240 00d7 22       		.byte	34
 241 00d8 5D       		.byte	93
 242 00d9 22       		.byte	34
 243 00da 5F       		.byte	95
 244 00db 01       		.byte	1
 245 00dc 66       		.byte	102
 246 00dd C0       		.byte	-64
 247 00de 6A       		.byte	106
 248 00df 40       		.byte	64
 249 00e0 6B       		.byte	107
 250 00e1 02       		.byte	2
 251 00e2 81       		.byte	-127
 252 00e3 01       		.byte	1
 253 00e4 83       		.byte	-125
 254 00e5 06       		.byte	6
 255 00e6 84       		.byte	-124
 256 00e7 40       		.byte	64
 257 00e8 89       		.byte	-119
 258 00e9 24       		.byte	36
 259 00ea 8A       		.byte	-118
 260 00eb 40       		.byte	64
 261 00ec 8B       		.byte	-117
 262 00ed 11       		.byte	17
 263 00ee 8D       		.byte	-115
 264 00ef 12       		.byte	18
 265 00f0 8E       		.byte	-114
 266 00f1 40       		.byte	64
 267 00f2 8F       		.byte	-113
 268 00f3 29       		.byte	41
 269 00f4 92       		.byte	-110
 270 00f5 8C       		.byte	-116
 271 00f6 94       		.byte	-108
 272 00f7 AC       		.byte	-84
 273 00f8 95       		.byte	-107
 274 00f9 77       		.byte	119
 275 00fa 96       		.byte	-106
 276 00fb 03       		.byte	3
 277 00fc 98       		.byte	-104
 278 00fd 31       		.byte	49
 279 00fe 99       		.byte	-103
 280 00ff 77       		.byte	119
 281 0100 9A       		.byte	-102
 282 0101 0E       		.byte	14
 283 0102 9D       		.byte	-99
 284 0103 40       		.byte	64
 285 0104 9E       		.byte	-98
ARM GAS  C:\Users\z004c8dn\AppData\Local\Temp\ccJlpCs9.s 			page 6


 286 0105 08       		.byte	8
 287 0106 A2       		.byte	-94
 288 0107 13       		.byte	19
 289 0108 A4       		.byte	-92
 290 0109 31       		.byte	49
 291 010a A6       		.byte	-90
 292 010b 86       		.byte	-122
 293 010c A8       		.byte	-88
 294 010d 40       		.byte	64
 295 010e B0       		.byte	-80
 296 010f 30       		.byte	48
 297 0110 B1       		.byte	-79
 298 0111 07       		.byte	7
 299 0112 B2       		.byte	-78
 300 0113 0F       		.byte	15
 301 0114 B3       		.byte	-77
 302 0115 30       		.byte	48
 303 0116 B4       		.byte	-76
 304 0117 8A       		.byte	-118
 305 0118 B5       		.byte	-75
 306 0119 40       		.byte	64
 307 011a B6       		.byte	-74
 308 011b 40       		.byte	64
 309 011c B7       		.byte	-73
 310 011d 08       		.byte	8
 311 011e B8       		.byte	-72
 312 011f 82       		.byte	-126
 313 0120 BA       		.byte	-70
 314 0121 28       		.byte	40
 315 0122 BE       		.byte	-66
 316 0123 01       		.byte	1
 317 0124 C0       		.byte	-64
 318 0125 04       		.byte	4
 319 0126 C7       		.byte	-57
 320 0127 04       		.byte	4
 321 0128 C9       		.byte	-55
 322 0129 FF       		.byte	-1
 323 012a CA       		.byte	-54
 324 012b 07       		.byte	7
 325 012c CB       		.byte	-53
 326 012d FF       		.byte	-1
 327 012e CC       		.byte	-52
 328 012f 40       		.byte	64
 329 0130 CD       		.byte	-51
 330 0131 20       		.byte	32
 331 0132 CE       		.byte	-50
 332 0133 F0       		.byte	-16
 333 0134 CF       		.byte	-49
 334 0135 05       		.byte	5
 335 0136 D0       		.byte	-48
 336 0137 08       		.byte	8
 337 0138 D8       		.byte	-40
 338 0139 04       		.byte	4
 339 013a D9       		.byte	-39
 340 013b 04       		.byte	4
 341 013c DA       		.byte	-38
 342 013d 04       		.byte	4
ARM GAS  C:\Users\z004c8dn\AppData\Local\Temp\ccJlpCs9.s 			page 7


 343 013e DC       		.byte	-36
 344 013f 22       		.byte	34
 345 0140 DD       		.byte	-35
 346 0141 02       		.byte	2
 347 0142 DF       		.byte	-33
 348 0143 01       		.byte	1
 349 0144 E0       		.byte	-32
 350 0145 40       		.byte	64
 351 0146 E1       		.byte	-31
 352 0147 A8       		.byte	-88
 353 0148 E2       		.byte	-30
 354 0149 40       		.byte	64
 355 014a E3       		.byte	-29
 356 014b 20       		.byte	32
 357 014c 00       		.byte	0
 358 014d 84       		.byte	-124
 359 014e 03       		.byte	3
 360 014f 08       		.byte	8
 361 0150 04       		.byte	4
 362 0151 08       		.byte	8
 363 0152 05       		.byte	5
 364 0153 50       		.byte	80
 365 0154 07       		.byte	7
 366 0155 40       		.byte	64
 367 0156 08       		.byte	8
 368 0157 80       		.byte	-128
 369 0158 09       		.byte	9
 370 0159 01       		.byte	1
 371 015a 0A       		.byte	10
 372 015b 14       		.byte	20
 373 015c 0E       		.byte	14
 374 015d 10       		.byte	16
 375 015e 0F       		.byte	15
 376 015f 08       		.byte	8
 377 0160 10       		.byte	16
 378 0161 84       		.byte	-124
 379 0162 11       		.byte	17
 380 0163 08       		.byte	8
 381 0164 13       		.byte	19
 382 0165 02       		.byte	2
 383 0166 17       		.byte	23
 384 0167 20       		.byte	32
 385 0168 18       		.byte	24
 386 0169 40       		.byte	64
 387 016a 19       		.byte	25
 388 016b 10       		.byte	16
 389 016c 1A       		.byte	26
 390 016d 1C       		.byte	28
 391 016e 1B       		.byte	27
 392 016f 80       		.byte	-128
 393 0170 1C       		.byte	28
 394 0171 20       		.byte	32
 395 0172 1D       		.byte	29
 396 0173 40       		.byte	64
 397 0174 20       		.byte	32
 398 0175 0A       		.byte	10
 399 0176 21       		.byte	33
ARM GAS  C:\Users\z004c8dn\AppData\Local\Temp\ccJlpCs9.s 			page 8


 400 0177 01       		.byte	1
 401 0178 23       		.byte	35
 402 0179 50       		.byte	80
 403 017a 25       		.byte	37
 404 017b 05       		.byte	5
 405 017c 26       		.byte	38
 406 017d 40       		.byte	64
 407 017e 27       		.byte	39
 408 017f 68       		.byte	104
 409 0180 2C       		.byte	44
 410 0181 88       		.byte	-120
 411 0182 2E       		.byte	46
 412 0183 04       		.byte	4
 413 0184 32       		.byte	50
 414 0185 40       		.byte	64
 415 0186 33       		.byte	51
 416 0187 14       		.byte	20
 417 0188 37       		.byte	55
 418 0189 40       		.byte	64
 419 018a 39       		.byte	57
 420 018b 02       		.byte	2
 421 018c 3B       		.byte	59
 422 018d 90       		.byte	-112
 423 018e 3D       		.byte	61
 424 018f 08       		.byte	8
 425 0190 3E       		.byte	62
 426 0191 10       		.byte	16
 427 0192 3F       		.byte	63
 428 0193 02       		.byte	2
 429 0194 40       		.byte	64
 430 0195 40       		.byte	64
 431 0196 45       		.byte	69
 432 0197 04       		.byte	4
 433 0198 47       		.byte	71
 434 0199 02       		.byte	2
 435 019a 48       		.byte	72
 436 019b 80       		.byte	-128
 437 019c 4E       		.byte	78
 438 019d 04       		.byte	4
 439 019e 4F       		.byte	79
 440 019f 08       		.byte	8
 441 01a0 50       		.byte	80
 442 01a1 04       		.byte	4
 443 01a2 54       		.byte	84
 444 01a3 08       		.byte	8
 445 01a4 57       		.byte	87
 446 01a5 01       		.byte	1
 447 01a6 5D       		.byte	93
 448 01a7 10       		.byte	16
 449 01a8 5E       		.byte	94
 450 01a9 80       		.byte	-128
 451 01aa 5F       		.byte	95
 452 01ab 09       		.byte	9
 453 01ac 84       		.byte	-124
 454 01ad 10       		.byte	16
 455 01ae 8B       		.byte	-117
 456 01af 12       		.byte	18
ARM GAS  C:\Users\z004c8dn\AppData\Local\Temp\ccJlpCs9.s 			page 9


 457 01b0 B4       		.byte	-76
 458 01b1 40       		.byte	64
 459 01b2 C0       		.byte	-64
 460 01b3 F7       		.byte	-9
 461 01b4 C2       		.byte	-62
 462 01b5 6F       		.byte	111
 463 01b6 C4       		.byte	-60
 464 01b7 4E       		.byte	78
 465 01b8 CA       		.byte	-54
 466 01b9 E0       		.byte	-32
 467 01ba CC       		.byte	-52
 468 01bb 1E       		.byte	30
 469 01bc CE       		.byte	-50
 470 01bd ED       		.byte	-19
 471 01be D0       		.byte	-48
 472 01bf C1       		.byte	-63
 473 01c0 D2       		.byte	-46
 474 01c1 20       		.byte	32
 475 01c2 D6       		.byte	-42
 476 01c3 F0       		.byte	-16
 477 01c4 E0       		.byte	-32
 478 01c5 08       		.byte	8
 479 01c6 9A       		.byte	-102
 480 01c7 01       		.byte	1
 481 01c8 A3       		.byte	-93
 482 01c9 01       		.byte	1
 483 01ca A6       		.byte	-90
 484 01cb 01       		.byte	1
 485 01cc AB       		.byte	-85
 486 01cd 01       		.byte	1
 487 01ce B3       		.byte	-77
 488 01cf 01       		.byte	1
 489 01d0 B6       		.byte	-74
 490 01d1 01       		.byte	1
 491 01d2 BA       		.byte	-70
 492 01d3 08       		.byte	8
 493 01d4 BE       		.byte	-66
 494 01d5 40       		.byte	64
 495 01d6 BF       		.byte	-65
 496 01d7 04       		.byte	4
 497 01d8 D4       		.byte	-44
 498 01d9 18       		.byte	24
 499 01da D8       		.byte	-40
 500 01db 04       		.byte	4
 501 01dc D9       		.byte	-39
 502 01dd 04       		.byte	4
 503 01de DB       		.byte	-37
 504 01df 04       		.byte	4
 505 01e0 DC       		.byte	-36
 506 01e1 02       		.byte	2
 507 01e2 DD       		.byte	-35
 508 01e3 20       		.byte	32
 509 01e4 DF       		.byte	-33
 510 01e5 01       		.byte	1
 511 01e6 00       		.byte	0
 512 01e7 04       		.byte	4
 513 01e8 01       		.byte	1
ARM GAS  C:\Users\z004c8dn\AppData\Local\Temp\ccJlpCs9.s 			page 10


 514 01e9 02       		.byte	2
 515 01ea 02       		.byte	2
 516 01eb 01       		.byte	1
 517 01ec 03       		.byte	3
 518 01ed 0A       		.byte	10
 519 01ee 08       		.byte	8
 520 01ef 05       		.byte	5
 521 01f0 0A       		.byte	10
 522 01f1 12       		.byte	18
 523 01f2 0B       		.byte	11
 524 01f3 40       		.byte	64
 525 01f4 0F       		.byte	15
 526 01f5 04       		.byte	4
 527 01f6 10       		.byte	16
 528 01f7 82       		.byte	-126
 529 01f8 13       		.byte	19
 530 01f9 18       		.byte	24
 531 01fa 15       		.byte	21
 532 01fb 08       		.byte	8
 533 01fc 18       		.byte	24
 534 01fd 05       		.byte	5
 535 01fe 19       		.byte	25
 536 01ff 11       		.byte	17
 537 0200 1B       		.byte	27
 538 0201 08       		.byte	8
 539 0202 1D       		.byte	29
 540 0203 40       		.byte	64
 541 0204 1E       		.byte	30
 542 0205 10       		.byte	16
 543 0206 20       		.byte	32
 544 0207 80       		.byte	-128
 545 0208 21       		.byte	33
 546 0209 10       		.byte	16
 547 020a 22       		.byte	34
 548 020b 01       		.byte	1
 549 020c 23       		.byte	35
 550 020d 06       		.byte	6
 551 020e 25       		.byte	37
 552 020f 08       		.byte	8
 553 0210 28       		.byte	40
 554 0211 A5       		.byte	-91
 555 0212 29       		.byte	41
 556 0213 02       		.byte	2
 557 0214 2F       		.byte	47
 558 0215 84       		.byte	-124
 559 0216 30       		.byte	48
 560 0217 80       		.byte	-128
 561 0218 31       		.byte	49
 562 0219 10       		.byte	16
 563 021a 32       		.byte	50
 564 021b 01       		.byte	1
 565 021c 33       		.byte	51
 566 021d 08       		.byte	8
 567 021e 38       		.byte	56
 568 021f 28       		.byte	40
 569 0220 3A       		.byte	58
 570 0221 01       		.byte	1
ARM GAS  C:\Users\z004c8dn\AppData\Local\Temp\ccJlpCs9.s 			page 11


 571 0222 3B       		.byte	59
 572 0223 80       		.byte	-128
 573 0224 40       		.byte	64
 574 0225 01       		.byte	1
 575 0226 41       		.byte	65
 576 0227 10       		.byte	16
 577 0228 42       		.byte	66
 578 0229 50       		.byte	80
 579 022a 45       		.byte	69
 580 022b 08       		.byte	8
 581 022c 46       		.byte	70
 582 022d 20       		.byte	32
 583 022e 48       		.byte	72
 584 022f 04       		.byte	4
 585 0230 4B       		.byte	75
 586 0231 08       		.byte	8
 587 0232 51       		.byte	81
 588 0233 04       		.byte	4
 589 0234 59       		.byte	89
 590 0235 01       		.byte	1
 591 0236 5F       		.byte	95
 592 0237 02       		.byte	2
 593 0238 65       		.byte	101
 594 0239 40       		.byte	64
 595 023a 66       		.byte	102
 596 023b 20       		.byte	32
 597 023c 6A       		.byte	106
 598 023d 80       		.byte	-128
 599 023e 6B       		.byte	107
 600 023f 14       		.byte	20
 601 0240 70       		.byte	112
 602 0241 94       		.byte	-108
 603 0242 73       		.byte	115
 604 0243 18       		.byte	24
 605 0244 80       		.byte	-128
 606 0245 04       		.byte	4
 607 0246 82       		.byte	-126
 608 0247 40       		.byte	64
 609 0248 88       		.byte	-120
 610 0249 86       		.byte	-122
 611 024a 8B       		.byte	-117
 612 024b 40       		.byte	64
 613 024c 93       		.byte	-109
 614 024d 40       		.byte	64
 615 024e 94       		.byte	-108
 616 024f 04       		.byte	4
 617 0250 96       		.byte	-106
 618 0251 80       		.byte	-128
 619 0252 97       		.byte	-105
 620 0253 80       		.byte	-128
 621 0254 98       		.byte	-104
 622 0255 20       		.byte	32
 623 0256 9C       		.byte	-100
 624 0257 04       		.byte	4
 625 0258 9F       		.byte	-97
 626 0259 14       		.byte	20
 627 025a A0       		.byte	-96
ARM GAS  C:\Users\z004c8dn\AppData\Local\Temp\ccJlpCs9.s 			page 12


 628 025b 04       		.byte	4
 629 025c A3       		.byte	-93
 630 025d 82       		.byte	-126
 631 025e A4       		.byte	-92
 632 025f 40       		.byte	64
 633 0260 A7       		.byte	-89
 634 0261 08       		.byte	8
 635 0262 AD       		.byte	-83
 636 0263 10       		.byte	16
 637 0264 AF       		.byte	-81
 638 0265 01       		.byte	1
 639 0266 B0       		.byte	-80
 640 0267 21       		.byte	33
 641 0268 B4       		.byte	-76
 642 0269 8C       		.byte	-116
 643 026a B7       		.byte	-73
 644 026b 01       		.byte	1
 645 026c C0       		.byte	-64
 646 026d 0F       		.byte	15
 647 026e C2       		.byte	-62
 648 026f 4D       		.byte	77
 649 0270 C4       		.byte	-60
 650 0271 2F       		.byte	47
 651 0272 CA       		.byte	-54
 652 0273 AF       		.byte	-81
 653 0274 CC       		.byte	-52
 654 0275 0F       		.byte	15
 655 0276 CE       		.byte	-50
 656 0277 0F       		.byte	15
 657 0278 D0       		.byte	-48
 658 0279 0F       		.byte	15
 659 027a D2       		.byte	-46
 660 027b 04       		.byte	4
 661 027c D6       		.byte	-42
 662 027d 81       		.byte	-127
 663 027e D8       		.byte	-40
 664 027f 30       		.byte	48
 665 0280 E8       		.byte	-24
 666 0281 20       		.byte	32
 667 0282 32       		.byte	50
 668 0283 80       		.byte	-128
 669 0284 37       		.byte	55
 670 0285 80       		.byte	-128
 671 0286 CC       		.byte	-52
 672 0287 30       		.byte	48
 673 0288 9F       		.byte	-97
 674 0289 80       		.byte	-128
 675 028a A6       		.byte	-90
 676 028b 80       		.byte	-128
 677 028c 9F       		.byte	-97
 678 028d 80       		.byte	-128
 679 028e A6       		.byte	-90
 680 028f 80       		.byte	-128
 681 0290 13       		.byte	19
 682 0291 80       		.byte	-128
 683 0292 9F       		.byte	-97
 684 0293 80       		.byte	-128
ARM GAS  C:\Users\z004c8dn\AppData\Local\Temp\ccJlpCs9.s 			page 13


 685 0294 A6       		.byte	-90
 686 0295 80       		.byte	-128
 687 0296 C4       		.byte	-60
 688 0297 40       		.byte	64
 689 0298 7C       		.byte	124
 690 0299 20       		.byte	32
 691 029a DE       		.byte	-34
 692 029b 01       		.byte	1
 693 029c 9C       		.byte	-100
 694 029d 20       		.byte	32
 695 029e 44       		.byte	68
 696 029f 10       		.byte	16
 697 02a0 9C       		.byte	-100
 698 02a1 20       		.byte	32
 699 02a2 D0       		.byte	-48
 700 02a3 01       		.byte	1
 701 02a4 9C       		.byte	-100
 702 02a5 30       		.byte	48
 703 02a6 21       		.byte	33
 704 02a7 01       		.byte	1
 705 02a8 26       		.byte	38
 706 02a9 80       		.byte	-128
 707 02aa A6       		.byte	-90
 708 02ab 80       		.byte	-128
 709 02ac C8       		.byte	-56
 710 02ad 60       		.byte	96
 711 02ae B1       		.byte	-79
 712 02af 01       		.byte	1
 713 02b0 87       		.byte	-121
 714 02b1 10       		.byte	16
 715 02b2 9C       		.byte	-100
 716 02b3 10       		.byte	16
 717 02b4 B4       		.byte	-76
 718 02b5 20       		.byte	32
 719 02b6 E8       		.byte	-24
 720 02b7 02       		.byte	2
 721 02b8 10       		.byte	16
 722 02b9 80       		.byte	-128
 723 02ba 73       		.byte	115
 724 02bb 10       		.byte	16
 725 02bc 88       		.byte	-120
 726 02bd 80       		.byte	-128
 727 02be 93       		.byte	-109
 728 02bf 10       		.byte	16
 729 02c0 B0       		.byte	-80
 730 02c1 10       		.byte	16
 731 02c2 C4       		.byte	-60
 732 02c3 08       		.byte	8
 733 02c4 DC       		.byte	-36
 734 02c5 01       		.byte	1
 735 02c6 E6       		.byte	-26
 736 02c7 01       		.byte	1
 737 02c8 E8       		.byte	-24
 738 02c9 04       		.byte	4
 739 02ca 10       		.byte	16
 740 02cb 04       		.byte	4
 741 02cc 1C       		.byte	28
ARM GAS  C:\Users\z004c8dn\AppData\Local\Temp\ccJlpCs9.s 			page 14


 742 02cd 04       		.byte	4
 743 02ce 00       		.byte	0
 744 02cf 0B       		.byte	11
 745 02d0 00       		.byte	0
 746 02d1 80       		.byte	-128
 747 02d2 23       		.byte	35
 748 02d3 00       		.byte	0
 749 02d4 33       		.byte	51
 750 02d5 18       		.byte	24
 751 02d6 0C       		.byte	12
 752 02d7 00       		.byte	0
 753 02d8 1F       		.byte	31
 754 02d9 08       		.byte	8
 755 02da 20       		.byte	32
 756 02db 00       		.byte	0
 757 02dc 02       		.byte	2
 758 02dd 44       		.byte	68
 759 02de 80       		.byte	-128
 760 02df 00       		.byte	0
 761 02e0 03       		.byte	3
 762 02e1 3C       		.byte	60
 763 02e2 40       		.byte	64
 764 02e3 C2       		.byte	-62
 765 02e4 3F       		.byte	63
 766 02e5 1C       		.byte	28
 767 02e6 00       		.byte	0
 768 02e7 E1       		.byte	-31
 769 02e8 00       		.byte	0
 770 02e9 E7       		.byte	-25
 771 02ea 00       		.byte	0
 772 02eb 18       		.byte	24
 773 02ec 1C       		.byte	28
 774 02ed 10       		.byte	16
 775 02ee 23       		.byte	35
 776 02ef 00       		.byte	0
 777 02f0 08       		.byte	8
 778 02f1 00       		.byte	0
 779 02f2 00       		.byte	0
 780 02f3 E3       		.byte	-29
 781 02f4 04       		.byte	4
 782 02f5 00       		.byte	0
 783 02f6 00       		.byte	0
 784 02f7 04       		.byte	4
 785 02f8 0C       		.byte	12
 786 02f9 FF       		.byte	-1
 787 02fa 00       		.byte	0
 788 02fb 00       		.byte	0
 789 02fc 01       		.byte	1
 790 02fd C0       		.byte	-64
 791 02fe 80       		.byte	-128
 792 02ff 00       		.byte	0
 793 0300 10       		.byte	16
 794 0301 1F       		.byte	31
 795 0302 2C       		.byte	44
 796 0303 00       		.byte	0
 797 0304 0F       		.byte	15
 798 0305 38       		.byte	56
ARM GAS  C:\Users\z004c8dn\AppData\Local\Temp\ccJlpCs9.s 			page 15


 799 0306 C0       		.byte	-64
 800 0307 C0       		.byte	-64
 801 0308 00       		.byte	0
 802 0309 00       		.byte	0
 803 030a 28       		.byte	40
 804 030b 02       		.byte	2
 805 030c 00       		.byte	0
 806 030d 00       		.byte	0
 807 030e 41       		.byte	65
 808 030f 00       		.byte	0
 809 0310 46       		.byte	70
 810 0311 03       		.byte	3
 811 0312 02       		.byte	2
 812 0313 00       		.byte	0
 813 0314 01       		.byte	1
 814 0315 0E       		.byte	14
 815 0316 00       		.byte	0
 816 0317 0C       		.byte	12
 817 0318 11       		.byte	17
 818 0319 FF       		.byte	-1
 819 031a FF       		.byte	-1
 820 031b FF       		.byte	-1
 821 031c 62       		.byte	98
 822 031d A0       		.byte	-96
 823 031e F0       		.byte	-16
 824 031f 41       		.byte	65
 825 0320 0C       		.byte	12
 826 0321 00       		.byte	0
 827 0322 00       		.byte	0
 828 0323 00       		.byte	0
 829 0324 00       		.byte	0
 830 0325 00       		.byte	0
 831 0326 02       		.byte	2
 832 0327 13       		.byte	19
 833 0328 04       		.byte	4
 834 0329 04       		.byte	4
 835 032a 04       		.byte	4
 836 032b 04       		.byte	4
 837 032c 22       		.byte	34
 838 032d 22       		.byte	34
 839 032e 00       		.byte	0
 840 032f 01       		.byte	1
 841 0330 00       		.byte	0
 842 0331 00       		.byte	0
 843 0332 00       		.byte	0
 844 0333 00       		.byte	0
 845 0334 00       		.byte	0
 846 0335 00       		.byte	0
 847 0336 40       		.byte	64
 848 0337 02       		.byte	2
 849 0338 00       		.byte	0
 850 0339 10       		.byte	16
 851 033a 30       		.byte	48
 852 033b 10       		.byte	16
 853 033c 00       		.byte	0
 854 033d 10       		.byte	16
 855 033e 10       		.byte	16
ARM GAS  C:\Users\z004c8dn\AppData\Local\Temp\ccJlpCs9.s 			page 16


 856 033f 12       		.byte	18
 857 0340 00       		.byte	0
 858 0341 00       		.byte	0
 859 0342 00       		.byte	0
 860 0343 00       		.byte	0
 861 0344 00       		.byte	0
 862 0345 00       		.byte	0
 863 0346 00       		.byte	0
 864 0347 00       		.byte	0
 865 0348 00       		.byte	0
 866 0349 00       		.byte	0
 867 034a 00       		.byte	0
 868 034b 00       		.byte	0
 869 034c 00       		.byte	0
 870 034d 00       		.byte	0
 871 034e 00       		.byte	0
 872 034f 00       		.byte	0
 873 0350 00       		.byte	0
 874 0351 00       		.byte	0
 875 0352 00       		.byte	0
 876 0353 00       		.byte	0
 877 0354 00       		.byte	0
 878 0355 00       		.byte	0
 879 0356 01       		.byte	1
 880 0357 00       		.byte	0
 881 0358 80       		.byte	-128
 882 0359 00       		.byte	0
 883 035a 40       		.byte	64
 884 035b 80       		.byte	-128
 885 035c 80       		.byte	-128
 886 035d 00       		.byte	0
 887 035e 80       		.byte	-128
 888 035f 00       		.byte	0
 889 0360 00       		.byte	0
 890 0361 00       		.byte	0
 891 0362 00       		.byte	0
 892 0363 00       		.byte	0
 893 0364 00       		.byte	0
 894 0365 0B       		.byte	11
 895 0366 0B       		.byte	11
 896 0367 00       		.byte	0
 897 0368 00       		.byte	0
 898 0369 00       		.byte	0
 899 036a 00       		.byte	0
 900 036b 00       		.byte	0
 901 036c 25       		.byte	37
 902 036d 00       		.byte	0
 903 036e 18       		.byte	24
 904 036f 01       		.byte	1
 905              		.global	cy_meta_custnvl
 906              		.section	.cycustnvl,"a",%progbits
 907              		.align	2
 908              		.type	cy_meta_custnvl, %object
 909              		.size	cy_meta_custnvl, 4
 910              	cy_meta_custnvl:
 911 0000 00       		.byte	0
 912 0001 00       		.byte	0
ARM GAS  C:\Users\z004c8dn\AppData\Local\Temp\ccJlpCs9.s 			page 17


 913 0002 40       		.byte	64
 914 0003 05       		.byte	5
 915              		.global	cy_meta_wonvl
 916              		.section	.cywolatch,"a",%progbits
 917              		.align	2
 918              		.type	cy_meta_wonvl, %object
 919              		.size	cy_meta_wonvl, 4
 920              	cy_meta_wonvl:
 921 0000 BC       		.byte	-68
 922 0001 90       		.byte	-112
 923 0002 AC       		.byte	-84
 924 0003 AF       		.byte	-81
 925              		.global	cy_meta_flashprotect
 926              		.section	.cyflashprotect,"a",%progbits
 927              		.align	2
 928              		.type	cy_meta_flashprotect, %object
 929              		.size	cy_meta_flashprotect, 256
 930              	cy_meta_flashprotect:
 931 0000 00000000 		.space	256
 931      00000000 
 931      00000000 
 931      00000000 
 931      00000000 
 932              		.global	cy_metadata
 933              		.section	.cymeta,"a",%progbits
 934              		.align	2
 935              		.type	cy_metadata, %object
 936              		.size	cy_metadata, 12
 937              	cy_metadata:
 938 0000 00       		.byte	0
 939 0001 01       		.byte	1
 940 0002 2E       		.byte	46
 941 0003 16       		.byte	22
 942 0004 10       		.byte	16
 943 0005 69       		.byte	105
 944 0006 00       		.byte	0
 945 0007 01       		.byte	1
 946 0008 00       		.byte	0
 947 0009 00       		.byte	0
 948 000a 00       		.byte	0
 949 000b 00       		.byte	0
 950              		.text
 951              	.Letext0:
 952              		.file 1 "c:\\program files (x86)\\cypress\\psoc creator\\4.4\\psoc creator\\import\\gnu\\arm\\5.4.
 953              		.file 2 "c:\\program files (x86)\\cypress\\psoc creator\\4.4\\psoc creator\\import\\gnu\\arm\\5.4.
 954              		.file 3 "Generated_Source\\PSoC5\\cymetadata.c"
 955              		.section	.debug_info,"",%progbits
 956              	.Ldebug_info0:
 957 0000 31010000 		.4byte	0x131
 958 0004 0400     		.2byte	0x4
 959 0006 00000000 		.4byte	.Ldebug_abbrev0
 960 000a 04       		.byte	0x4
 961 000b 01       		.uleb128 0x1
 962 000c 0A000000 		.4byte	.LASF17
 963 0010 0C       		.byte	0xc
 964 0011 F8010000 		.4byte	.LASF18
 965 0015 B2000000 		.4byte	.LASF19
ARM GAS  C:\Users\z004c8dn\AppData\Local\Temp\ccJlpCs9.s 			page 18


 966 0019 00000000 		.4byte	.Ldebug_line0
 967 001d 02       		.uleb128 0x2
 968 001e 01       		.byte	0x1
 969 001f 06       		.byte	0x6
 970 0020 EC010000 		.4byte	.LASF0
 971 0024 03       		.uleb128 0x3
 972 0025 00000000 		.4byte	.LASF9
 973 0029 01       		.byte	0x1
 974 002a 1D       		.byte	0x1d
 975 002b 2F000000 		.4byte	0x2f
 976 002f 02       		.uleb128 0x2
 977 0030 01       		.byte	0x1
 978 0031 08       		.byte	0x8
 979 0032 A4000000 		.4byte	.LASF1
 980 0036 02       		.uleb128 0x2
 981 0037 02       		.byte	0x2
 982 0038 05       		.byte	0x5
 983 0039 D9010000 		.4byte	.LASF2
 984 003d 02       		.uleb128 0x2
 985 003e 02       		.byte	0x2
 986 003f 07       		.byte	0x7
 987 0040 3E010000 		.4byte	.LASF3
 988 0044 02       		.uleb128 0x2
 989 0045 04       		.byte	0x4
 990 0046 05       		.byte	0x5
 991 0047 E3010000 		.4byte	.LASF4
 992 004b 02       		.uleb128 0x2
 993 004c 04       		.byte	0x4
 994 004d 07       		.byte	0x7
 995 004e 2C010000 		.4byte	.LASF5
 996 0052 02       		.uleb128 0x2
 997 0053 08       		.byte	0x8
 998 0054 05       		.byte	0x5
 999 0055 CB010000 		.4byte	.LASF6
 1000 0059 02       		.uleb128 0x2
 1001 005a 08       		.byte	0x8
 1002 005b 07       		.byte	0x7
 1003 005c 80010000 		.4byte	.LASF7
 1004 0060 04       		.uleb128 0x4
 1005 0061 04       		.byte	0x4
 1006 0062 05       		.byte	0x5
 1007 0063 696E7400 		.ascii	"int\000"
 1008 0067 02       		.uleb128 0x2
 1009 0068 04       		.byte	0x4
 1010 0069 07       		.byte	0x7
 1011 006a 73010000 		.4byte	.LASF8
 1012 006e 03       		.uleb128 0x3
 1013 006f 97010000 		.4byte	.LASF10
 1014 0073 02       		.byte	0x2
 1015 0074 18       		.byte	0x18
 1016 0075 24000000 		.4byte	0x24
 1017 0079 05       		.uleb128 0x5
 1018 007a 91000000 		.4byte	0x91
 1019 007e 8A000000 		.4byte	0x8a
 1020 0082 06       		.uleb128 0x6
 1021 0083 8A000000 		.4byte	0x8a
 1022 0087 6F03     		.2byte	0x36f
ARM GAS  C:\Users\z004c8dn\AppData\Local\Temp\ccJlpCs9.s 			page 19


 1023 0089 00       		.byte	0
 1024 008a 02       		.uleb128 0x2
 1025 008b 04       		.byte	0x4
 1026 008c 07       		.byte	0x7
 1027 008d C2010000 		.4byte	.LASF11
 1028 0091 07       		.uleb128 0x7
 1029 0092 6E000000 		.4byte	0x6e
 1030 0096 08       		.uleb128 0x8
 1031 0097 61010000 		.4byte	.LASF12
 1032 009b 03       		.byte	0x3
 1033 009c 1F       		.byte	0x1f
 1034 009d A7000000 		.4byte	0xa7
 1035 00a1 05       		.uleb128 0x5
 1036 00a2 03       		.byte	0x3
 1037 00a3 00000000 		.4byte	cy_meta_configecc
 1038 00a7 07       		.uleb128 0x7
 1039 00a8 79000000 		.4byte	0x79
 1040 00ac 05       		.uleb128 0x5
 1041 00ad 91000000 		.4byte	0x91
 1042 00b1 BC000000 		.4byte	0xbc
 1043 00b5 09       		.uleb128 0x9
 1044 00b6 8A000000 		.4byte	0x8a
 1045 00ba 03       		.byte	0x3
 1046 00bb 00       		.byte	0
 1047 00bc 08       		.uleb128 0x8
 1048 00bd 51010000 		.4byte	.LASF13
 1049 00c1 03       		.byte	0x3
 1050 00c2 9A       		.byte	0x9a
 1051 00c3 CD000000 		.4byte	0xcd
 1052 00c7 05       		.uleb128 0x5
 1053 00c8 03       		.byte	0x3
 1054 00c9 00000000 		.4byte	cy_meta_custnvl
 1055 00cd 07       		.uleb128 0x7
 1056 00ce AC000000 		.4byte	0xac
 1057 00d2 08       		.uleb128 0x8
 1058 00d3 B4010000 		.4byte	.LASF14
 1059 00d7 03       		.byte	0x3
 1060 00d8 A8       		.byte	0xa8
 1061 00d9 E3000000 		.4byte	0xe3
 1062 00dd 05       		.uleb128 0x5
 1063 00de 03       		.byte	0x3
 1064 00df 00000000 		.4byte	cy_meta_wonvl
 1065 00e3 07       		.uleb128 0x7
 1066 00e4 AC000000 		.4byte	0xac
 1067 00e8 05       		.uleb128 0x5
 1068 00e9 91000000 		.4byte	0x91
 1069 00ed F8000000 		.4byte	0xf8
 1070 00f1 09       		.uleb128 0x9
 1071 00f2 8A000000 		.4byte	0x8a
 1072 00f6 FF       		.byte	0xff
 1073 00f7 00       		.byte	0
 1074 00f8 08       		.uleb128 0x8
 1075 00f9 9F010000 		.4byte	.LASF15
 1076 00fd 03       		.byte	0x3
 1077 00fe B6       		.byte	0xb6
 1078 00ff 09010000 		.4byte	0x109
 1079 0103 05       		.uleb128 0x5
ARM GAS  C:\Users\z004c8dn\AppData\Local\Temp\ccJlpCs9.s 			page 20


 1080 0104 03       		.byte	0x3
 1081 0105 00000000 		.4byte	cy_meta_flashprotect
 1082 0109 07       		.uleb128 0x7
 1083 010a E8000000 		.4byte	0xe8
 1084 010e 05       		.uleb128 0x5
 1085 010f 91000000 		.4byte	0x91
 1086 0113 1E010000 		.4byte	0x11e
 1087 0117 09       		.uleb128 0x9
 1088 0118 8A000000 		.4byte	0x8a
 1089 011c 0B       		.byte	0xb
 1090 011d 00       		.byte	0
 1091 011e 08       		.uleb128 0x8
 1092 011f 98000000 		.4byte	.LASF16
 1093 0123 03       		.byte	0x3
 1094 0124 E3       		.byte	0xe3
 1095 0125 2F010000 		.4byte	0x12f
 1096 0129 05       		.uleb128 0x5
 1097 012a 03       		.byte	0x3
 1098 012b 00000000 		.4byte	cy_metadata
 1099 012f 07       		.uleb128 0x7
 1100 0130 0E010000 		.4byte	0x10e
 1101 0134 00       		.byte	0
 1102              		.section	.debug_abbrev,"",%progbits
 1103              	.Ldebug_abbrev0:
 1104 0000 01       		.uleb128 0x1
 1105 0001 11       		.uleb128 0x11
 1106 0002 01       		.byte	0x1
 1107 0003 25       		.uleb128 0x25
 1108 0004 0E       		.uleb128 0xe
 1109 0005 13       		.uleb128 0x13
 1110 0006 0B       		.uleb128 0xb
 1111 0007 03       		.uleb128 0x3
 1112 0008 0E       		.uleb128 0xe
 1113 0009 1B       		.uleb128 0x1b
 1114 000a 0E       		.uleb128 0xe
 1115 000b 10       		.uleb128 0x10
 1116 000c 17       		.uleb128 0x17
 1117 000d 00       		.byte	0
 1118 000e 00       		.byte	0
 1119 000f 02       		.uleb128 0x2
 1120 0010 24       		.uleb128 0x24
 1121 0011 00       		.byte	0
 1122 0012 0B       		.uleb128 0xb
 1123 0013 0B       		.uleb128 0xb
 1124 0014 3E       		.uleb128 0x3e
 1125 0015 0B       		.uleb128 0xb
 1126 0016 03       		.uleb128 0x3
 1127 0017 0E       		.uleb128 0xe
 1128 0018 00       		.byte	0
 1129 0019 00       		.byte	0
 1130 001a 03       		.uleb128 0x3
 1131 001b 16       		.uleb128 0x16
 1132 001c 00       		.byte	0
 1133 001d 03       		.uleb128 0x3
 1134 001e 0E       		.uleb128 0xe
 1135 001f 3A       		.uleb128 0x3a
 1136 0020 0B       		.uleb128 0xb
ARM GAS  C:\Users\z004c8dn\AppData\Local\Temp\ccJlpCs9.s 			page 21


 1137 0021 3B       		.uleb128 0x3b
 1138 0022 0B       		.uleb128 0xb
 1139 0023 49       		.uleb128 0x49
 1140 0024 13       		.uleb128 0x13
 1141 0025 00       		.byte	0
 1142 0026 00       		.byte	0
 1143 0027 04       		.uleb128 0x4
 1144 0028 24       		.uleb128 0x24
 1145 0029 00       		.byte	0
 1146 002a 0B       		.uleb128 0xb
 1147 002b 0B       		.uleb128 0xb
 1148 002c 3E       		.uleb128 0x3e
 1149 002d 0B       		.uleb128 0xb
 1150 002e 03       		.uleb128 0x3
 1151 002f 08       		.uleb128 0x8
 1152 0030 00       		.byte	0
 1153 0031 00       		.byte	0
 1154 0032 05       		.uleb128 0x5
 1155 0033 01       		.uleb128 0x1
 1156 0034 01       		.byte	0x1
 1157 0035 49       		.uleb128 0x49
 1158 0036 13       		.uleb128 0x13
 1159 0037 01       		.uleb128 0x1
 1160 0038 13       		.uleb128 0x13
 1161 0039 00       		.byte	0
 1162 003a 00       		.byte	0
 1163 003b 06       		.uleb128 0x6
 1164 003c 21       		.uleb128 0x21
 1165 003d 00       		.byte	0
 1166 003e 49       		.uleb128 0x49
 1167 003f 13       		.uleb128 0x13
 1168 0040 2F       		.uleb128 0x2f
 1169 0041 05       		.uleb128 0x5
 1170 0042 00       		.byte	0
 1171 0043 00       		.byte	0
 1172 0044 07       		.uleb128 0x7
 1173 0045 26       		.uleb128 0x26
 1174 0046 00       		.byte	0
 1175 0047 49       		.uleb128 0x49
 1176 0048 13       		.uleb128 0x13
 1177 0049 00       		.byte	0
 1178 004a 00       		.byte	0
 1179 004b 08       		.uleb128 0x8
 1180 004c 34       		.uleb128 0x34
 1181 004d 00       		.byte	0
 1182 004e 03       		.uleb128 0x3
 1183 004f 0E       		.uleb128 0xe
 1184 0050 3A       		.uleb128 0x3a
 1185 0051 0B       		.uleb128 0xb
 1186 0052 3B       		.uleb128 0x3b
 1187 0053 0B       		.uleb128 0xb
 1188 0054 49       		.uleb128 0x49
 1189 0055 13       		.uleb128 0x13
 1190 0056 3F       		.uleb128 0x3f
 1191 0057 19       		.uleb128 0x19
 1192 0058 02       		.uleb128 0x2
 1193 0059 18       		.uleb128 0x18
ARM GAS  C:\Users\z004c8dn\AppData\Local\Temp\ccJlpCs9.s 			page 22


 1194 005a 00       		.byte	0
 1195 005b 00       		.byte	0
 1196 005c 09       		.uleb128 0x9
 1197 005d 21       		.uleb128 0x21
 1198 005e 00       		.byte	0
 1199 005f 49       		.uleb128 0x49
 1200 0060 13       		.uleb128 0x13
 1201 0061 2F       		.uleb128 0x2f
 1202 0062 0B       		.uleb128 0xb
 1203 0063 00       		.byte	0
 1204 0064 00       		.byte	0
 1205 0065 00       		.byte	0
 1206              		.section	.debug_aranges,"",%progbits
 1207 0000 14000000 		.4byte	0x14
 1208 0004 0200     		.2byte	0x2
 1209 0006 00000000 		.4byte	.Ldebug_info0
 1210 000a 04       		.byte	0x4
 1211 000b 00       		.byte	0
 1212 000c 0000     		.2byte	0
 1213 000e 0000     		.2byte	0
 1214 0010 00000000 		.4byte	0
 1215 0014 00000000 		.4byte	0
 1216              		.section	.debug_line,"",%progbits
 1217              	.Ldebug_line0:
 1218 0000 3D010000 		.section	.debug_str,"MS",%progbits,1
 1218      02003701 
 1218      00000201 
 1218      FB0E0D00 
 1218      01010101 
 1219              	.LASF9:
 1220 0000 5F5F7569 		.ascii	"__uint8_t\000"
 1220      6E74385F 
 1220      7400
 1221              	.LASF17:
 1222 000a 474E5520 		.ascii	"GNU C11 5.4.1 20160609 (release) [ARM/embedded-5-br"
 1222      43313120 
 1222      352E342E 
 1222      31203230 
 1222      31363036 
 1223 003d 616E6368 		.ascii	"anch revision 237715] -mcpu=cortex-m3 -mthumb -g -O"
 1223      20726576 
 1223      6973696F 
 1223      6E203233 
 1223      37373135 
 1224 0070 30202D66 		.ascii	"0 -ffunction-sections -ffat-lto-objects\000"
 1224      66756E63 
 1224      74696F6E 
 1224      2D736563 
 1224      74696F6E 
 1225              	.LASF16:
 1226 0098 63795F6D 		.ascii	"cy_metadata\000"
 1226      65746164 
 1226      61746100 
 1227              	.LASF1:
 1228 00a4 756E7369 		.ascii	"unsigned char\000"
 1228      676E6564 
 1228      20636861 
ARM GAS  C:\Users\z004c8dn\AppData\Local\Temp\ccJlpCs9.s 			page 23


 1228      7200
 1229              	.LASF19:
 1230 00b2 433A5C55 		.ascii	"C:\\UserData\\z004c8dn\\OneDrive - Siemens AG\\Doku"
 1230      73657244 
 1230      6174615C 
 1230      7A303034 
 1230      6338646E 
 1231 00e1 6D656E74 		.ascii	"mente\\PSoC Creator\\AndreasBothPSoC5DAQ_workspace\\"
 1231      655C5053 
 1231      6F432043 
 1231      72656174 
 1231      6F725C41 
 1232 0112 416E6472 		.ascii	"AndreasBothPSoC5DAQ.cydsn\000"
 1232      65617342 
 1232      6F746850 
 1232      536F4335 
 1232      4441512E 
 1233              	.LASF5:
 1234 012c 6C6F6E67 		.ascii	"long unsigned int\000"
 1234      20756E73 
 1234      69676E65 
 1234      6420696E 
 1234      7400
 1235              	.LASF3:
 1236 013e 73686F72 		.ascii	"short unsigned int\000"
 1236      7420756E 
 1236      7369676E 
 1236      65642069 
 1236      6E7400
 1237              	.LASF13:
 1238 0151 63795F6D 		.ascii	"cy_meta_custnvl\000"
 1238      6574615F 
 1238      63757374 
 1238      6E766C00 
 1239              	.LASF12:
 1240 0161 63795F6D 		.ascii	"cy_meta_configecc\000"
 1240      6574615F 
 1240      636F6E66 
 1240      69676563 
 1240      6300
 1241              	.LASF8:
 1242 0173 756E7369 		.ascii	"unsigned int\000"
 1242      676E6564 
 1242      20696E74 
 1242      00
 1243              	.LASF7:
 1244 0180 6C6F6E67 		.ascii	"long long unsigned int\000"
 1244      206C6F6E 
 1244      6720756E 
 1244      7369676E 
 1244      65642069 
 1245              	.LASF10:
 1246 0197 75696E74 		.ascii	"uint8_t\000"
 1246      385F7400 
 1247              	.LASF15:
 1248 019f 63795F6D 		.ascii	"cy_meta_flashprotect\000"
 1248      6574615F 
ARM GAS  C:\Users\z004c8dn\AppData\Local\Temp\ccJlpCs9.s 			page 24


 1248      666C6173 
 1248      6870726F 
 1248      74656374 
 1249              	.LASF14:
 1250 01b4 63795F6D 		.ascii	"cy_meta_wonvl\000"
 1250      6574615F 
 1250      776F6E76 
 1250      6C00
 1251              	.LASF11:
 1252 01c2 73697A65 		.ascii	"sizetype\000"
 1252      74797065 
 1252      00
 1253              	.LASF6:
 1254 01cb 6C6F6E67 		.ascii	"long long int\000"
 1254      206C6F6E 
 1254      6720696E 
 1254      7400
 1255              	.LASF2:
 1256 01d9 73686F72 		.ascii	"short int\000"
 1256      7420696E 
 1256      7400
 1257              	.LASF4:
 1258 01e3 6C6F6E67 		.ascii	"long int\000"
 1258      20696E74 
 1258      00
 1259              	.LASF0:
 1260 01ec 7369676E 		.ascii	"signed char\000"
 1260      65642063 
 1260      68617200 
 1261              	.LASF18:
 1262 01f8 47656E65 		.ascii	"Generated_Source\\PSoC5\\cymetadata.c\000"
 1262      72617465 
 1262      645F536F 
 1262      75726365 
 1262      5C50536F 
 1263              		.ident	"GCC: (GNU Tools for ARM Embedded Processors) 5.4.1 20160609 (release) [ARM/embedded-5-bran
